0 info it worked if it ends with ok
1 verbose cli [ 'C:\\Program Files\\nodejs\\\\node.exe',
1 verbose cli   'C:\\Program Files\\nodejs\\node_modules\\npm\\bin\\npm-cli.js',
1 verbose cli   'install',
1 verbose cli   'sleep' ]
2 info using npm@2.9.1
3 info using node@v0.12.3
4 verbose node symlink C:\Program Files\nodejs\\node.exe
5 verbose install initial load of C:\Users\Jake\Documents\GitHub\Twitter-mood-o-meter\package.json
6 verbose installManyTop reading scoped package data from C:\Users\Jake\Documents\GitHub\Twitter-mood-o-meter\node_modules\express\package.json
7 verbose installManyTop reading scoped package data from C:\Users\Jake\Documents\GitHub\Twitter-mood-o-meter\node_modules\nan\package.json
8 verbose installManyTop reading scoped package data from C:\Users\Jake\Documents\GitHub\Twitter-mood-o-meter\node_modules\oauth\package.json
9 verbose installManyTop reading scoped package data from C:\Users\Jake\Documents\GitHub\Twitter-mood-o-meter\node_modules\simple\package.json
10 verbose installManyTop reading scoped package data from C:\Users\Jake\Documents\GitHub\Twitter-mood-o-meter\node_modules\wait.for\package.json
11 verbose readDependencies loading dependencies from C:\Users\Jake\Documents\GitHub\Twitter-mood-o-meter\package.json
12 silly cache add args [ 'sleep', null ]
13 verbose cache add spec sleep
14 silly cache add parsed spec { raw: 'sleep',
14 silly cache add   scope: null,
14 silly cache add   name: 'sleep',
14 silly cache add   rawSpec: '',
14 silly cache add   spec: '*',
14 silly cache add   type: 'range' }
15 silly addNamed sleep@*
16 verbose addNamed "*" is a valid semver range for sleep
17 silly addNameRange { name: 'sleep', range: '*', hasData: false }
18 silly mapToRegistry name sleep
19 silly mapToRegistry using default registry
20 silly mapToRegistry registry https://registry.npmjs.org/
21 silly mapToRegistry uri https://registry.npmjs.org/sleep
22 verbose addNameRange registry:https://registry.npmjs.org/sleep not in flight; fetching
23 verbose request uri https://registry.npmjs.org/sleep
24 verbose request no auth needed
25 info attempt registry request try #1 at 2:57:54 PM
26 verbose request id 0134de93117bc96f
27 verbose etag "5SCSTTORHIJ7FI58H6ZBLLKJP"
28 http request GET https://registry.npmjs.org/sleep
29 http 304 https://registry.npmjs.org/sleep
30 silly get cb [ 304,
30 silly get   { date: 'Tue, 28 Jul 2015 13:57:56 GMT',
30 silly get     via: '1.1 varnish',
30 silly get     'cache-control': 'max-age=60',
30 silly get     etag: '"5SCSTTORHIJ7FI58H6ZBLLKJP"',
30 silly get     age: '0',
30 silly get     connection: 'keep-alive',
30 silly get     'x-served-by': 'cache-lcy1124-LCY',
30 silly get     'x-cache': 'HIT',
30 silly get     'x-cache-hits': '1',
30 silly get     'x-timer': 'S1438091876.177927,VS0,VE97',
30 silly get     vary: 'Accept' } ]
31 verbose etag https://registry.npmjs.org/sleep from cache
32 verbose get saving sleep to C:\Users\Jake\AppData\Roaming\npm-cache\registry.npmjs.org\sleep\.cache.json
33 silly addNameRange number 2 { name: 'sleep', range: '*', hasData: true }
34 silly addNameRange versions [ 'sleep',
34 silly addNameRange   [ '1.0.0',
34 silly addNameRange     '1.0.1',
34 silly addNameRange     '1.0.2',
34 silly addNameRange     '1.1.0',
34 silly addNameRange     '1.1.1',
34 silly addNameRange     '1.1.2',
34 silly addNameRange     '1.1.3',
34 silly addNameRange     '1.1.4',
34 silly addNameRange     '1.1.5',
34 silly addNameRange     '1.1.6',
34 silly addNameRange     '1.1.7',
34 silly addNameRange     '1.1.8',
34 silly addNameRange     '1.2.0',
34 silly addNameRange     '2.0.0' ] ]
35 silly addNamed sleep@2.0.0
36 verbose addNamed "2.0.0" is a plain semver version for sleep
37 silly cache afterAdd sleep@2.0.0
38 verbose afterAdd C:\Users\Jake\AppData\Roaming\npm-cache\sleep\2.0.0\package\package.json not in flight; writing
39 verbose afterAdd C:\Users\Jake\AppData\Roaming\npm-cache\sleep\2.0.0\package\package.json written
40 silly install resolved [ { name: 'sleep',
40 silly install resolved     version: '2.0.0',
40 silly install resolved     main: 'index.js',
40 silly install resolved     description: 'Add sleep() and usleep() to nodejs',
40 silly install resolved     homepage: 'http://github.com/ErikDubbelboer/node-sleep',
40 silly install resolved     author: { name: 'Erik Dubbelboer', email: 'erik@dubbelboer.com' },
40 silly install resolved     engines: { node: '>=0.4.0' },
40 silly install resolved     keywords: [ 'sleep', 'usleep' ],
40 silly install resolved     repository:
40 silly install resolved      { type: 'git',
40 silly install resolved        url: 'git+https://github.com/ErikDubbelboer/node-sleep.git' },
40 silly install resolved     dependencies: { nan: '*' },
40 silly install resolved     gypfile: true,
40 silly install resolved     scripts: { install: 'node-gyp rebuild' },
40 silly install resolved     gitHead: '3c850e05250d3ad72499fb0cefc4be13e9ce24d2',
40 silly install resolved     bugs: { url: 'https://github.com/ErikDubbelboer/node-sleep/issues' },
40 silly install resolved     _id: 'sleep@2.0.0',
40 silly install resolved     _shasum: '96d8ef97970ecad464b146ea5e86dd5d6ceb65bc',
40 silly install resolved     _from: 'sleep@*',
40 silly install resolved     _npmVersion: '1.4.28',
40 silly install resolved     _npmUser: { name: 'erikdubbelboer', email: 'erik@dubbelboer.com' },
40 silly install resolved     maintainers: [ [Object] ],
40 silly install resolved     dist:
40 silly install resolved      { shasum: '96d8ef97970ecad464b146ea5e86dd5d6ceb65bc',
40 silly install resolved        tarball: 'http://registry.npmjs.org/sleep/-/sleep-2.0.0.tgz' },
40 silly install resolved     directories: {},
40 silly install resolved     _resolved: 'https://registry.npmjs.org/sleep/-/sleep-2.0.0.tgz',
40 silly install resolved     readme: 'ERROR: No README data found!' } ]
41 info install sleep@2.0.0 into C:\Users\Jake\Documents\GitHub\Twitter-mood-o-meter
42 info installOne sleep@2.0.0
43 verbose installOne of sleep to C:\Users\Jake\Documents\GitHub\Twitter-mood-o-meter not in flight; installing
44 verbose lock using C:\Users\Jake\AppData\Roaming\npm-cache\_locks\sleep-b465293f07bd0b82.lock for C:\Users\Jake\Documents\GitHub\Twitter-mood-o-meter\node_modules\sleep
45 silly install write writing sleep 2.0.0 to C:\Users\Jake\Documents\GitHub\Twitter-mood-o-meter\node_modules\sleep
46 verbose unbuild node_modules\sleep
47 silly gentlyRm C:\Users\Jake\Documents\GitHub\Twitter-mood-o-meter\node_modules\sleep is being purged from base C:\Users\Jake\Documents\GitHub\Twitter-mood-o-meter
48 verbose gentlyRm don't care about contents; nuking C:\Users\Jake\Documents\GitHub\Twitter-mood-o-meter\node_modules\sleep
49 verbose tar unpack C:\Users\Jake\AppData\Roaming\npm-cache\sleep\2.0.0\package.tgz
50 verbose tar unpacking to C:\Users\Jake\Documents\GitHub\Twitter-mood-o-meter\node_modules\sleep
51 silly gentlyRm C:\Users\Jake\Documents\GitHub\Twitter-mood-o-meter\node_modules\sleep is being purged
52 verbose gentlyRm don't care about contents; nuking C:\Users\Jake\Documents\GitHub\Twitter-mood-o-meter\node_modules\sleep
53 silly gunzTarPerm modes [ '777', '666' ]
54 silly gunzTarPerm extractEntry package.json
55 silly gunzTarPerm modified mode [ 'package.json', 436, 438 ]
56 silly gunzTarPerm extractEntry .npmignore
57 silly gunzTarPerm modified mode [ '.npmignore', 436, 438 ]
58 silly gunzTarPerm extractEntry README.md
59 silly gunzTarPerm modified mode [ 'README.md', 436, 438 ]
60 silly gunzTarPerm extractEntry test.js
61 silly gunzTarPerm modified mode [ 'test.js', 436, 438 ]
62 silly gunzTarPerm extractEntry index.js
63 silly gunzTarPerm modified mode [ 'index.js', 436, 438 ]
64 silly gunzTarPerm extractEntry LICENSE.txt
65 silly gunzTarPerm modified mode [ 'LICENSE.txt', 436, 438 ]
66 silly gunzTarPerm extractEntry sleep.cc
67 silly gunzTarPerm modified mode [ 'sleep.cc', 436, 438 ]
68 silly gunzTarPerm extractEntry binding.gyp
69 silly gunzTarPerm modified mode [ 'binding.gyp', 436, 438 ]
70 verbose write writing to C:\Users\Jake\Documents\GitHub\Twitter-mood-o-meter\node_modules\sleep\package.json
71 info preinstall sleep@2.0.0
72 verbose readDependencies loading dependencies from C:\Users\Jake\Documents\GitHub\Twitter-mood-o-meter\node_modules\sleep\package.json
73 verbose readDependencies loading dependencies from C:\Users\Jake\Documents\GitHub\Twitter-mood-o-meter\node_modules\sleep\package.json
74 silly install resolved []
75 verbose about to build C:\Users\Jake\Documents\GitHub\Twitter-mood-o-meter\node_modules\sleep
76 info build C:\Users\Jake\Documents\GitHub\Twitter-mood-o-meter\node_modules\sleep
77 info linkStuff sleep@2.0.0
78 silly linkStuff sleep@2.0.0 has C:\Users\Jake\Documents\GitHub\Twitter-mood-o-meter\node_modules as its parent node_modules
79 verbose linkBins sleep@2.0.0
80 verbose linkMans sleep@2.0.0
81 verbose rebuildBundles sleep@2.0.0
82 info install sleep@2.0.0
83 verbose unsafe-perm in lifecycle true
84 info sleep@2.0.0 Failed to exec install script
85 verbose unlock done using C:\Users\Jake\AppData\Roaming\npm-cache\_locks\sleep-b465293f07bd0b82.lock for C:\Users\Jake\Documents\GitHub\Twitter-mood-o-meter\node_modules\sleep
86 verbose stack Error: sleep@2.0.0 install: `node-gyp rebuild`
86 verbose stack Exit status 1
86 verbose stack     at EventEmitter.<anonymous> (C:\Program Files\nodejs\node_modules\npm\lib\utils\lifecycle.js:213:16)
86 verbose stack     at EventEmitter.emit (events.js:110:17)
86 verbose stack     at ChildProcess.<anonymous> (C:\Program Files\nodejs\node_modules\npm\lib\utils\spawn.js:24:14)
86 verbose stack     at ChildProcess.emit (events.js:110:17)
86 verbose stack     at maybeClose (child_process.js:1015:16)
86 verbose stack     at Process.ChildProcess._handle.onexit (child_process.js:1087:5)
87 verbose pkgid sleep@2.0.0
88 verbose cwd C:\Users\Jake\Documents\GitHub\Twitter-mood-o-meter
89 error Windows_NT 6.3.9600
90 error argv "C:\\Program Files\\nodejs\\\\node.exe" "C:\\Program Files\\nodejs\\node_modules\\npm\\bin\\npm-cli.js" "install" "sleep"
91 error node v0.12.3
92 error npm  v2.9.1
93 error code ELIFECYCLE
94 error sleep@2.0.0 install: `node-gyp rebuild`
94 error Exit status 1
95 error Failed at the sleep@2.0.0 install script 'node-gyp rebuild'.
95 error This is most likely a problem with the sleep package,
95 error not with npm itself.
95 error Tell the author that this fails on your system:
95 error     node-gyp rebuild
95 error You can get their info via:
95 error     npm owner ls sleep
95 error There is likely additional logging output above.
96 verbose exit [ 1, true ]
97 verbose unbuild node_modules\sleep
98 info preuninstall sleep@2.0.0
99 info uninstall sleep@2.0.0
100 verbose unbuild rmStuff sleep@2.0.0 from C:\Users\Jake\Documents\GitHub\Twitter-mood-o-meter\node_modules
101 info postuninstall sleep@2.0.0
102 silly gentlyRm C:\Users\Jake\Documents\GitHub\Twitter-mood-o-meter\node_modules\sleep is being purged from base C:\Users\Jake\Documents\GitHub\Twitter-mood-o-meter
103 verbose gentlyRm don't care about contents; nuking C:\Users\Jake\Documents\GitHub\Twitter-mood-o-meter\node_modules\sleep
104 silly vacuum-fs purging C:\Users\Jake\Documents\GitHub\Twitter-mood-o-meter\node_modules\sleep
105 silly vacuum-fs quitting because other entries in C:\Users\Jake\Documents\GitHub\Twitter-mood-o-meter\node_modules
